<?xml version="1.0" encoding="UTF-8"?>
<testng-results ignored="0" total="1" passed="1" failed="0" skipped="0">
  <reporter-output>
  </reporter-output>
  <suite started-at="2024-11-08T16:11:18 IST" name="Default suite" finished-at="2024-11-08T16:11:24 IST" duration-ms="5829">
    <groups>
    </groups>
    <test started-at="2024-11-08T16:11:18 IST" name="Default test" finished-at="2024-11-08T16:11:24 IST" duration-ms="5829">
      <class name="com.TestNGDemos.D11WriteToExcel">
        <test-method is-config="true" signature="beforeTest()[pri:0, instance:com.TestNGDemos.D11WriteToExcel@f1da57d]" started-at="2024-11-08T16:11:18 IST" name="beforeTest" finished-at="2024-11-08T16:11:23 IST" duration-ms="4893" status="PASS">
          <reporter-output>
          </reporter-output>
        </test-method> <!-- beforeTest -->
        <test-method signature="writeData()[pri:0, instance:com.TestNGDemos.D11WriteToExcel@f1da57d]" started-at="2024-11-08T16:11:23 IST" name="writeData" finished-at="2024-11-08T16:11:23 IST" duration-ms="254" status="PASS">
          <reporter-output>
          </reporter-output>
        </test-method> <!-- writeData -->
        <test-method is-config="true" signature="afterTest()[pri:0, instance:com.TestNGDemos.D11WriteToExcel@f1da57d]" started-at="2024-11-08T16:11:23 IST" name="afterTest" finished-at="2024-11-08T16:11:24 IST" duration-ms="570" status="PASS">
          <reporter-output>
          </reporter-output>
        </test-method> <!-- afterTest -->
      </class> <!-- com.TestNGDemos.D11WriteToExcel -->
    </test> <!-- Default test -->
  </suite> <!-- Default suite -->
</testng-results>
